mode: set
github.com/codinganovel/autocd-go/autocd.go:12.37,14.31 1 1
github.com/codinganovel/autocd-go/autocd.go:14.31,16.3 1 1
github.com/codinganovel/autocd-go/autocd.go:18.2,20.33 2 1
github.com/codinganovel/autocd-go/autocd.go:20.33,25.3 3 0
github.com/codinganovel/autocd-go/autocd.go:28.2,29.20 2 1
github.com/codinganovel/autocd-go/autocd.go:29.20,32.3 1 1
github.com/codinganovel/autocd-go/autocd.go:34.2,35.16 2 1
github.com/codinganovel/autocd-go/autocd.go:35.16,38.3 1 1
github.com/codinganovel/autocd-go/autocd.go:41.2,41.41 1 1
github.com/codinganovel/autocd-go/autocd.go:41.41,44.3 2 1
github.com/codinganovel/autocd-go/autocd.go:50.49,52.2 1 1
github.com/codinganovel/autocd-go/autocd.go:57.72,59.17 1 1
github.com/codinganovel/autocd-go/autocd.go:59.17,66.3 1 1
github.com/codinganovel/autocd-go/autocd.go:69.2,69.37 1 1
github.com/codinganovel/autocd-go/autocd.go:69.37,71.3 1 0
github.com/codinganovel/autocd-go/autocd.go:74.2,77.57 2 1
github.com/codinganovel/autocd-go/autocd.go:77.57,79.21 1 0
github.com/codinganovel/autocd-go/autocd.go:79.21,81.4 1 0
github.com/codinganovel/autocd-go/autocd.go:85.2,86.16 2 1
github.com/codinganovel/autocd-go/autocd.go:86.16,88.3 1 1
github.com/codinganovel/autocd-go/autocd.go:91.2,94.20 3 0
github.com/codinganovel/autocd-go/autocd.go:94.20,96.3 1 0
github.com/codinganovel/autocd-go/autocd.go:98.2,98.20 1 0
github.com/codinganovel/autocd-go/autocd.go:98.20,101.3 1 0
github.com/codinganovel/autocd-go/autocd.go:104.2,105.16 2 0
github.com/codinganovel/autocd-go/autocd.go:105.16,107.3 1 0
github.com/codinganovel/autocd-go/autocd.go:110.2,111.16 2 0
github.com/codinganovel/autocd-go/autocd.go:111.16,113.3 1 0
github.com/codinganovel/autocd-go/autocd.go:116.2,120.37 3 0
github.com/codinganovel/autocd-go/autocd.go:125.70,126.54 1 0
github.com/codinganovel/autocd-go/autocd.go:126.54,127.62 1 0
github.com/codinganovel/autocd-go/autocd.go:127.62,129.4 1 0
github.com/codinganovel/autocd-go/autocd.go:130.3,130.13 1 0
github.com/codinganovel/autocd-go/autocd.go:134.2,134.12 1 0
github.com/codinganovel/autocd-go/autocd.go:138.25,142.2 3 1
github.com/codinganovel/autocd-go/autocd.go:145.39,148.2 2 1
github.com/codinganovel/autocd-go/autocd.go:151.78,153.16 2 1
github.com/codinganovel/autocd-go/autocd.go:153.16,155.3 1 1
github.com/codinganovel/autocd-go/autocd.go:156.2,156.12 1 1
github.com/codinganovel/autocd-go/errors.go:18.77,25.2 1 1
github.com/codinganovel/autocd-go/errors.go:27.68,29.9 2 1
github.com/codinganovel/autocd-go/errors.go:30.45,31.34 1 1
github.com/codinganovel/autocd-go/errors.go:32.41,33.30 1 1
github.com/codinganovel/autocd-go/errors.go:34.46,35.35 1 0
github.com/codinganovel/autocd-go/errors.go:36.46,37.35 1 0
github.com/codinganovel/autocd-go/errors.go:40.2,45.3 1 1
github.com/codinganovel/autocd-go/errors.go:48.58,55.2 1 1
github.com/codinganovel/autocd-go/errors.go:57.57,64.2 1 1
github.com/codinganovel/autocd-go/errors.go:66.55,73.2 1 1
github.com/codinganovel/autocd-go/errors.go:75.56,82.2 1 1
github.com/codinganovel/autocd-go/errors.go:84.64,91.2 1 1
github.com/codinganovel/autocd-go/errors.go:94.34,95.45 1 1
github.com/codinganovel/autocd-go/errors.go:95.45,100.3 1 1
github.com/codinganovel/autocd-go/errors.go:101.2,101.14 1 1
github.com/codinganovel/autocd-go/errors.go:105.35,106.45 1 1
github.com/codinganovel/autocd-go/errors.go:106.45,108.3 1 1
github.com/codinganovel/autocd-go/errors.go:109.2,109.14 1 1
github.com/codinganovel/autocd-go/errors.go:113.36,114.45 1 1
github.com/codinganovel/autocd-go/errors.go:114.45,117.3 1 1
github.com/codinganovel/autocd-go/errors.go:118.2,118.14 1 1
github.com/codinganovel/autocd-go/exec.go:11.79,12.15 1 0
github.com/codinganovel/autocd-go/exec.go:12.15,14.3 1 0
github.com/codinganovel/autocd-go/exec.go:16.2,16.22 1 0
github.com/codinganovel/autocd-go/exec.go:17.17,18.49 1 0
github.com/codinganovel/autocd-go/exec.go:19.10,20.46 1 0
github.com/codinganovel/autocd-go/exec.go:24.70,28.20 3 0
github.com/codinganovel/autocd-go/exec.go:29.23,31.101 2 0
github.com/codinganovel/autocd-go/exec.go:32.27,34.95 2 0
github.com/codinganovel/autocd-go/exec.go:35.10,37.47 2 0
github.com/codinganovel/autocd-go/exec.go:41.2,48.16 3 0
github.com/codinganovel/autocd-go/exec.go:48.16,50.3 1 0
github.com/codinganovel/autocd-go/exec.go:53.2,54.12 2 0
github.com/codinganovel/autocd-go/exec.go:57.67,64.2 3 0
github.com/codinganovel/autocd-go/exec.go:68.81,70.22 1 0
github.com/codinganovel/autocd-go/exec.go:70.22,72.3 1 0
github.com/codinganovel/autocd-go/exec.go:73.2,73.18 1 0
github.com/codinganovel/autocd-go/exec.go:73.18,75.3 1 0
github.com/codinganovel/autocd-go/exec.go:76.2,76.20 1 0
github.com/codinganovel/autocd-go/exec.go:76.20,78.3 1 0
github.com/codinganovel/autocd-go/exec.go:81.2,81.29 1 0
github.com/codinganovel/autocd-go/exec.go:81.29,83.3 1 0
github.com/codinganovel/autocd-go/exec.go:86.2,86.52 1 0
github.com/codinganovel/autocd-go/platform.go:8.36,9.22 1 1
github.com/codinganovel/autocd-go/platform.go:10.17,11.25 1 0
github.com/codinganovel/autocd-go/platform.go:12.16,13.23 1 1
github.com/codinganovel/autocd-go/platform.go:14.15,15.23 1 0
github.com/codinganovel/autocd-go/platform.go:16.38,17.21 1 0
github.com/codinganovel/autocd-go/platform.go:18.10,19.22 1 0
github.com/codinganovel/autocd-go/script.go:9.73,13.20 2 1
github.com/codinganovel/autocd-go/script.go:14.16,15.56 1 1
github.com/codinganovel/autocd-go/script.go:16.44,17.61 1 1
github.com/codinganovel/autocd-go/script.go:18.10,19.67 1 1
github.com/codinganovel/autocd-go/script.go:23.62,32.2 1 1
github.com/codinganovel/autocd-go/script.go:34.67,46.2 1 1
github.com/codinganovel/autocd-go/script.go:48.82,69.2 2 1
github.com/codinganovel/autocd-go/script.go:71.45,72.19 1 1
github.com/codinganovel/autocd-go/script.go:73.17,74.23 1 1
github.com/codinganovel/autocd-go/script.go:75.16,76.22 1 1
github.com/codinganovel/autocd-go/script.go:77.17,78.27 1 1
github.com/codinganovel/autocd-go/script.go:79.17,80.23 1 1
github.com/codinganovel/autocd-go/script.go:81.10,82.21 1 1
github.com/codinganovel/autocd-go/script.go:87.68,88.19 1 1
github.com/codinganovel/autocd-go/script.go:89.16,98.14 8 1
github.com/codinganovel/autocd-go/script.go:99.44,108.14 8 1
github.com/codinganovel/autocd-go/script.go:109.10,113.14 3 1
github.com/codinganovel/autocd-go/shell.go:11.74,13.25 1 1
github.com/codinganovel/autocd-go/shell.go:13.25,15.3 1 1
github.com/codinganovel/autocd-go/shell.go:18.2,18.18 1 1
github.com/codinganovel/autocd-go/shell.go:19.23,20.30 1 0
github.com/codinganovel/autocd-go/shell.go:21.10,22.27 1 1
github.com/codinganovel/autocd-go/shell.go:26.61,29.35 2 1
github.com/codinganovel/autocd-go/shell.go:29.35,31.3 1 1
github.com/codinganovel/autocd-go/shell.go:31.8,33.60 1 1
github.com/codinganovel/autocd-go/shell.go:33.60,35.4 1 1
github.com/codinganovel/autocd-go/shell.go:35.9,42.4 1 0
github.com/codinganovel/autocd-go/shell.go:45.2,53.3 3 1
github.com/codinganovel/autocd-go/shell.go:56.38,60.52 1 0
github.com/codinganovel/autocd-go/shell.go:60.52,67.3 1 0
github.com/codinganovel/autocd-go/shell.go:70.2,70.58 1 0
github.com/codinganovel/autocd-go/shell.go:70.58,77.3 1 0
github.com/codinganovel/autocd-go/shell.go:80.2,80.75 1 0
github.com/codinganovel/autocd-go/shell.go:80.75,87.3 1 0
github.com/codinganovel/autocd-go/shell.go:90.2,95.3 1 0
github.com/codinganovel/autocd-go/shell.go:98.35,101.17 2 1
github.com/codinganovel/autocd-go/shell.go:101.17,103.3 1 1
github.com/codinganovel/autocd-go/shell.go:105.2,112.3 2 1
github.com/codinganovel/autocd-go/shell.go:115.52,117.9 2 1
github.com/codinganovel/autocd-go/shell.go:118.42,119.19 1 1
github.com/codinganovel/autocd-go/shell.go:120.41,121.18 1 1
github.com/codinganovel/autocd-go/shell.go:122.42,123.19 1 1
github.com/codinganovel/autocd-go/shell.go:124.42,125.19 1 1
github.com/codinganovel/autocd-go/shell.go:126.10,127.17 1 1
github.com/codinganovel/autocd-go/shell.go:131.54,135.9 3 1
github.com/codinganovel/autocd-go/shell.go:136.39,137.29 1 1
github.com/codinganovel/autocd-go/shell.go:138.45,139.25 1 1
github.com/codinganovel/autocd-go/shell.go:140.38,141.18 1 1
github.com/codinganovel/autocd-go/shell.go:142.39,143.19 1 1
github.com/codinganovel/autocd-go/shell.go:144.38,145.18 1 1
github.com/codinganovel/autocd-go/shell.go:146.39,147.19 1 1
github.com/codinganovel/autocd-go/shell.go:148.39,149.19 1 1
github.com/codinganovel/autocd-go/shell.go:150.37,151.17 1 1
github.com/codinganovel/autocd-go/shell.go:152.10,153.22 1 1
github.com/codinganovel/autocd-go/shell.go:157.61,158.19 1 1
github.com/codinganovel/autocd-go/shell.go:159.16,160.16 1 1
github.com/codinganovel/autocd-go/shell.go:161.44,162.16 1 1
github.com/codinganovel/autocd-go/shell.go:163.10,164.15 1 1
github.com/codinganovel/autocd-go/shell.go:169.41,170.50 1 1
github.com/codinganovel/autocd-go/shell.go:170.50,172.3 1 1
github.com/codinganovel/autocd-go/shell.go:173.2,173.11 1 1
github.com/codinganovel/autocd-go/shell.go:177.39,179.24 2 1
github.com/codinganovel/autocd-go/shell.go:179.24,181.3 1 1
github.com/codinganovel/autocd-go/shell.go:182.2,182.22 1 1
github.com/codinganovel/autocd-go/tempfile.go:14.87,16.19 1 1
github.com/codinganovel/autocd-go/tempfile.go:16.19,18.3 1 1
github.com/codinganovel/autocd-go/tempfile.go:21.2,23.16 3 1
github.com/codinganovel/autocd-go/tempfile.go:23.16,25.3 1 1
github.com/codinganovel/autocd-go/tempfile.go:26.2,29.56 2 1
github.com/codinganovel/autocd-go/tempfile.go:29.56,32.3 2 0
github.com/codinganovel/autocd-go/tempfile.go:35.2,35.31 1 1
github.com/codinganovel/autocd-go/tempfile.go:35.31,37.56 1 1
github.com/codinganovel/autocd-go/tempfile.go:37.56,40.4 2 0
github.com/codinganovel/autocd-go/tempfile.go:43.2,43.28 1 1
github.com/codinganovel/autocd-go/tempfile.go:47.52,51.16 3 1
github.com/codinganovel/autocd-go/tempfile.go:51.16,53.3 1 0
github.com/codinganovel/autocd-go/tempfile.go:55.2,55.32 1 1
github.com/codinganovel/autocd-go/tempfile.go:55.32,56.49 1 1
github.com/codinganovel/autocd-go/tempfile.go:56.49,58.18 2 1
github.com/codinganovel/autocd-go/tempfile.go:58.18,59.13 1 0
github.com/codinganovel/autocd-go/tempfile.go:62.4,62.43 1 1
github.com/codinganovel/autocd-go/tempfile.go:62.43,64.5 1 1
github.com/codinganovel/autocd-go/tempfile.go:68.2,68.12 1 1
github.com/codinganovel/autocd-go/tempfile.go:73.32,76.2 1 1
github.com/codinganovel/autocd-go/tempfile.go:79.59,81.2 1 1
github.com/codinganovel/autocd-go/tempfile.go:84.40,86.16 2 1
github.com/codinganovel/autocd-go/tempfile.go:86.16,88.3 1 1
github.com/codinganovel/autocd-go/tempfile.go:89.2,89.21 1 1
github.com/codinganovel/autocd-go/tempfile.go:93.46,94.28 1 1
github.com/codinganovel/autocd-go/tempfile.go:94.28,96.3 1 1
github.com/codinganovel/autocd-go/tempfile.go:99.2,100.19 2 1
github.com/codinganovel/autocd-go/tempfile.go:104.46,105.59 1 1
github.com/codinganovel/autocd-go/tempfile.go:105.59,107.3 1 1
github.com/codinganovel/autocd-go/tempfile.go:108.2,108.21 1 1
github.com/codinganovel/autocd-go/tempfile.go:112.50,113.31 1 1
github.com/codinganovel/autocd-go/tempfile.go:113.31,115.3 1 0
github.com/codinganovel/autocd-go/tempfile.go:117.2,117.42 1 1
github.com/codinganovel/autocd-go/types.go:78.38,80.2 1 1
github.com/codinganovel/autocd-go/types.go:83.38,85.2 1 1
github.com/codinganovel/autocd-go/types.go:88.44,89.16 1 1
github.com/codinganovel/autocd-go/types.go:90.49,91.14 1 1
github.com/codinganovel/autocd-go/types.go:92.52,93.15 1 1
github.com/codinganovel/autocd-go/types.go:94.10,95.14 1 1
github.com/codinganovel/autocd-go/validation.go:13.75,16.16 2 1
github.com/codinganovel/autocd-go/validation.go:16.16,18.3 1 0
github.com/codinganovel/autocd-go/validation.go:21.2,22.16 2 1
github.com/codinganovel/autocd-go/validation.go:22.16,23.25 1 1
github.com/codinganovel/autocd-go/validation.go:23.25,25.4 1 1
github.com/codinganovel/autocd-go/validation.go:26.3,26.56 1 1
github.com/codinganovel/autocd-go/validation.go:28.2,28.19 1 1
github.com/codinganovel/autocd-go/validation.go:28.19,30.3 1 1
github.com/codinganovel/autocd-go/validation.go:33.2,33.15 1 1
github.com/codinganovel/autocd-go/validation.go:34.22,35.33 1 1
github.com/codinganovel/autocd-go/validation.go:36.22,37.33 1 1
github.com/codinganovel/autocd-go/validation.go:38.26,39.37 1 1
github.com/codinganovel/autocd-go/validation.go:40.10,41.33 1 0
github.com/codinganovel/autocd-go/validation.go:45.50,47.34 1 1
github.com/codinganovel/autocd-go/validation.go:47.34,49.3 1 1
github.com/codinganovel/autocd-go/validation.go:52.2,52.31 1 1
github.com/codinganovel/autocd-go/validation.go:52.31,53.32 1 0
github.com/codinganovel/autocd-go/validation.go:53.32,55.4 1 0
github.com/codinganovel/autocd-go/validation.go:56.8,57.29 1 1
github.com/codinganovel/autocd-go/validation.go:57.29,59.4 1 1
github.com/codinganovel/autocd-go/validation.go:63.2,63.50 1 1
github.com/codinganovel/autocd-go/validation.go:63.50,65.3 1 0
github.com/codinganovel/autocd-go/validation.go:66.2,66.22 1 1
github.com/codinganovel/autocd-go/validation.go:66.22,68.3 1 0
github.com/codinganovel/autocd-go/validation.go:70.2,70.18 1 1
github.com/codinganovel/autocd-go/validation.go:73.50,76.81 2 1
github.com/codinganovel/autocd-go/validation.go:76.81,78.3 1 0
github.com/codinganovel/autocd-go/validation.go:81.2,82.33 2 1
github.com/codinganovel/autocd-go/validation.go:82.33,83.35 1 1
github.com/codinganovel/autocd-go/validation.go:83.35,85.4 1 1
github.com/codinganovel/autocd-go/validation.go:88.2,88.23 1 1
github.com/codinganovel/autocd-go/validation.go:91.54,94.2 1 1
github.com/codinganovel/autocd-go/validation.go:97.43,103.2 3 1
github.com/codinganovel/autocd-go/validation.go:106.40,112.2 3 1
