mode: set
github.com/codinganovel/autocd-go/autocd.go:11.49,13.2 1 0
github.com/codinganovel/autocd-go/autocd.go:18.72,20.17 1 0
github.com/codinganovel/autocd-go/autocd.go:20.17,25.3 1 0
github.com/codinganovel/autocd-go/autocd.go:28.2,29.16 2 0
github.com/codinganovel/autocd-go/autocd.go:29.16,31.3 1 0
github.com/codinganovel/autocd-go/autocd.go:34.2,37.20 3 0
github.com/codinganovel/autocd-go/autocd.go:37.20,39.3 1 0
github.com/codinganovel/autocd-go/autocd.go:41.2,41.20 1 0
github.com/codinganovel/autocd-go/autocd.go:41.20,44.3 1 0
github.com/codinganovel/autocd-go/autocd.go:47.2,48.16 2 0
github.com/codinganovel/autocd-go/autocd.go:48.16,50.3 1 0
github.com/codinganovel/autocd-go/autocd.go:53.2,54.16 2 0
github.com/codinganovel/autocd-go/autocd.go:54.16,56.3 1 0
github.com/codinganovel/autocd-go/autocd.go:59.2,63.37 3 0
github.com/codinganovel/autocd-go/autocd.go:68.70,69.54 1 0
github.com/codinganovel/autocd-go/autocd.go:69.54,70.62 1 0
github.com/codinganovel/autocd-go/autocd.go:70.62,72.4 1 0
github.com/codinganovel/autocd-go/autocd.go:73.3,73.13 1 0
github.com/codinganovel/autocd-go/autocd.go:77.2,77.12 1 0
github.com/codinganovel/autocd-go/autocd.go:81.25,85.2 3 1
github.com/codinganovel/autocd-go/autocd.go:88.39,91.2 2 1
github.com/codinganovel/autocd-go/autocd.go:94.78,96.16 2 1
github.com/codinganovel/autocd-go/autocd.go:96.16,98.3 1 1
github.com/codinganovel/autocd-go/autocd.go:99.2,99.12 1 1
github.com/codinganovel/autocd-go/errors.go:6.77,13.2 1 1
github.com/codinganovel/autocd-go/errors.go:15.68,17.18 2 1
github.com/codinganovel/autocd-go/errors.go:17.18,20.10 2 1
github.com/codinganovel/autocd-go/errors.go:21.46,22.35 1 1
github.com/codinganovel/autocd-go/errors.go:23.45,24.31 1 1
github.com/codinganovel/autocd-go/errors.go:25.80,26.36 1 0
github.com/codinganovel/autocd-go/errors.go:27.72,28.36 1 0
github.com/codinganovel/autocd-go/errors.go:32.2,37.3 1 1
github.com/codinganovel/autocd-go/errors.go:40.58,47.2 1 1
github.com/codinganovel/autocd-go/errors.go:49.57,56.2 1 1
github.com/codinganovel/autocd-go/errors.go:58.55,65.2 1 0
github.com/codinganovel/autocd-go/errors.go:67.56,74.2 1 0
github.com/codinganovel/autocd-go/errors.go:76.64,83.2 1 1
github.com/codinganovel/autocd-go/errors.go:86.40,89.2 1 1
github.com/codinganovel/autocd-go/errors.go:92.49,93.15 1 1
github.com/codinganovel/autocd-go/errors.go:93.15,95.3 1 0
github.com/codinganovel/autocd-go/errors.go:96.2,96.23 1 1
github.com/codinganovel/autocd-go/errors.go:96.23,98.3 1 0
github.com/codinganovel/autocd-go/errors.go:100.2,100.49 1 1
github.com/codinganovel/autocd-go/errors.go:100.49,102.36 2 1
github.com/codinganovel/autocd-go/errors.go:102.36,103.29 1 1
github.com/codinganovel/autocd-go/errors.go:103.29,105.10 2 1
github.com/codinganovel/autocd-go/errors.go:108.3,108.12 1 1
github.com/codinganovel/autocd-go/errors.go:108.12,110.4 1 1
github.com/codinganovel/autocd-go/errors.go:112.2,112.11 1 1
github.com/codinganovel/autocd-go/errors.go:116.34,117.45 1 1
github.com/codinganovel/autocd-go/errors.go:117.45,122.3 1 1
github.com/codinganovel/autocd-go/errors.go:123.2,123.14 1 0
github.com/codinganovel/autocd-go/errors.go:127.35,128.45 1 1
github.com/codinganovel/autocd-go/errors.go:128.45,130.3 1 1
github.com/codinganovel/autocd-go/errors.go:131.2,131.14 1 0
github.com/codinganovel/autocd-go/errors.go:135.36,136.45 1 1
github.com/codinganovel/autocd-go/errors.go:136.45,139.3 1 1
github.com/codinganovel/autocd-go/errors.go:140.2,140.14 1 0
github.com/codinganovel/autocd-go/exec.go:11.79,12.15 1 0
github.com/codinganovel/autocd-go/exec.go:12.15,14.3 1 0
github.com/codinganovel/autocd-go/exec.go:16.2,16.22 1 0
github.com/codinganovel/autocd-go/exec.go:17.17,18.49 1 0
github.com/codinganovel/autocd-go/exec.go:19.10,20.46 1 0
github.com/codinganovel/autocd-go/exec.go:24.70,28.20 3 0
github.com/codinganovel/autocd-go/exec.go:29.23,31.101 2 0
github.com/codinganovel/autocd-go/exec.go:32.27,34.95 2 0
github.com/codinganovel/autocd-go/exec.go:35.10,37.47 2 0
github.com/codinganovel/autocd-go/exec.go:41.2,41.53 1 0
github.com/codinganovel/autocd-go/exec.go:44.67,51.2 3 0
github.com/codinganovel/autocd-go/exec.go:55.81,57.22 1 0
github.com/codinganovel/autocd-go/exec.go:57.22,59.3 1 0
github.com/codinganovel/autocd-go/exec.go:60.2,60.18 1 0
github.com/codinganovel/autocd-go/exec.go:60.18,62.3 1 0
github.com/codinganovel/autocd-go/exec.go:63.2,63.20 1 0
github.com/codinganovel/autocd-go/exec.go:63.20,65.3 1 0
github.com/codinganovel/autocd-go/exec.go:68.2,68.29 1 0
github.com/codinganovel/autocd-go/exec.go:68.29,70.3 1 0
github.com/codinganovel/autocd-go/exec.go:73.2,73.52 1 0
github.com/codinganovel/autocd-go/platform.go:8.36,9.22 1 1
github.com/codinganovel/autocd-go/platform.go:10.17,11.25 1 0
github.com/codinganovel/autocd-go/platform.go:12.16,13.23 1 1
github.com/codinganovel/autocd-go/platform.go:14.15,15.23 1 0
github.com/codinganovel/autocd-go/platform.go:16.38,17.21 1 0
github.com/codinganovel/autocd-go/platform.go:18.10,19.22 1 0
github.com/codinganovel/autocd-go/script.go:9.73,13.20 2 1
github.com/codinganovel/autocd-go/script.go:14.16,15.56 1 1
github.com/codinganovel/autocd-go/script.go:16.44,17.61 1 1
github.com/codinganovel/autocd-go/script.go:18.10,19.67 1 1
github.com/codinganovel/autocd-go/script.go:23.62,32.2 1 1
github.com/codinganovel/autocd-go/script.go:34.67,46.2 1 1
github.com/codinganovel/autocd-go/script.go:48.82,69.2 2 1
github.com/codinganovel/autocd-go/script.go:71.45,72.19 1 1
github.com/codinganovel/autocd-go/script.go:73.17,74.23 1 1
github.com/codinganovel/autocd-go/script.go:75.16,76.22 1 1
github.com/codinganovel/autocd-go/script.go:77.17,78.27 1 1
github.com/codinganovel/autocd-go/script.go:79.17,80.23 1 1
github.com/codinganovel/autocd-go/script.go:81.10,82.21 1 1
github.com/codinganovel/autocd-go/script.go:87.68,88.19 1 1
github.com/codinganovel/autocd-go/script.go:89.16,98.14 8 1
github.com/codinganovel/autocd-go/script.go:99.44,108.14 8 1
github.com/codinganovel/autocd-go/script.go:109.10,113.14 3 1
github.com/codinganovel/autocd-go/shell.go:11.74,13.25 1 1
github.com/codinganovel/autocd-go/shell.go:13.25,15.3 1 0
github.com/codinganovel/autocd-go/shell.go:18.2,18.18 1 1
github.com/codinganovel/autocd-go/shell.go:19.23,20.30 1 0
github.com/codinganovel/autocd-go/shell.go:21.10,22.27 1 1
github.com/codinganovel/autocd-go/shell.go:26.61,29.35 2 0
github.com/codinganovel/autocd-go/shell.go:29.35,31.3 1 0
github.com/codinganovel/autocd-go/shell.go:31.8,33.60 1 0
github.com/codinganovel/autocd-go/shell.go:33.60,35.4 1 0
github.com/codinganovel/autocd-go/shell.go:35.9,42.4 1 0
github.com/codinganovel/autocd-go/shell.go:45.2,53.3 3 0
github.com/codinganovel/autocd-go/shell.go:56.38,60.52 1 0
github.com/codinganovel/autocd-go/shell.go:60.52,67.3 1 0
github.com/codinganovel/autocd-go/shell.go:70.2,70.58 1 0
github.com/codinganovel/autocd-go/shell.go:70.58,77.3 1 0
github.com/codinganovel/autocd-go/shell.go:80.2,80.75 1 0
github.com/codinganovel/autocd-go/shell.go:80.75,87.3 1 0
github.com/codinganovel/autocd-go/shell.go:90.2,95.3 1 0
github.com/codinganovel/autocd-go/shell.go:98.35,101.17 2 1
github.com/codinganovel/autocd-go/shell.go:101.17,103.3 1 0
github.com/codinganovel/autocd-go/shell.go:105.2,112.3 2 1
github.com/codinganovel/autocd-go/shell.go:115.52,117.9 2 1
github.com/codinganovel/autocd-go/shell.go:118.42,119.19 1 0
github.com/codinganovel/autocd-go/shell.go:120.41,121.18 1 1
github.com/codinganovel/autocd-go/shell.go:122.42,123.19 1 0
github.com/codinganovel/autocd-go/shell.go:124.42,125.19 1 0
github.com/codinganovel/autocd-go/shell.go:126.10,127.17 1 0
github.com/codinganovel/autocd-go/shell.go:131.54,135.9 3 1
github.com/codinganovel/autocd-go/shell.go:136.39,137.29 1 1
github.com/codinganovel/autocd-go/shell.go:138.45,139.25 1 1
github.com/codinganovel/autocd-go/shell.go:140.38,141.18 1 1
github.com/codinganovel/autocd-go/shell.go:142.39,143.19 1 1
github.com/codinganovel/autocd-go/shell.go:144.38,145.18 1 1
github.com/codinganovel/autocd-go/shell.go:146.39,147.19 1 1
github.com/codinganovel/autocd-go/shell.go:148.39,149.19 1 1
github.com/codinganovel/autocd-go/shell.go:150.37,151.17 1 1
github.com/codinganovel/autocd-go/shell.go:152.10,153.22 1 1
github.com/codinganovel/autocd-go/shell.go:157.61,158.19 1 0
github.com/codinganovel/autocd-go/shell.go:159.16,160.16 1 0
github.com/codinganovel/autocd-go/shell.go:161.44,162.16 1 0
github.com/codinganovel/autocd-go/shell.go:163.10,164.15 1 0
github.com/codinganovel/autocd-go/shell.go:169.41,170.50 1 0
github.com/codinganovel/autocd-go/shell.go:170.50,172.3 1 0
github.com/codinganovel/autocd-go/shell.go:173.2,173.11 1 0
github.com/codinganovel/autocd-go/shell.go:177.39,179.24 2 1
github.com/codinganovel/autocd-go/shell.go:179.24,181.3 1 0
github.com/codinganovel/autocd-go/shell.go:182.2,182.22 1 1
github.com/codinganovel/autocd-go/tempfile.go:14.87,16.19 1 0
github.com/codinganovel/autocd-go/tempfile.go:16.19,18.3 1 0
github.com/codinganovel/autocd-go/tempfile.go:21.2,23.16 3 0
github.com/codinganovel/autocd-go/tempfile.go:23.16,25.3 1 0
github.com/codinganovel/autocd-go/tempfile.go:26.2,29.56 2 0
github.com/codinganovel/autocd-go/tempfile.go:29.56,32.3 2 0
github.com/codinganovel/autocd-go/tempfile.go:35.2,35.31 1 0
github.com/codinganovel/autocd-go/tempfile.go:35.31,37.56 1 0
github.com/codinganovel/autocd-go/tempfile.go:37.56,40.4 2 0
github.com/codinganovel/autocd-go/tempfile.go:43.2,43.28 1 0
github.com/codinganovel/autocd-go/tempfile.go:47.52,51.16 3 1
github.com/codinganovel/autocd-go/tempfile.go:51.16,53.3 1 0
github.com/codinganovel/autocd-go/tempfile.go:55.2,55.32 1 1
github.com/codinganovel/autocd-go/tempfile.go:55.32,56.49 1 1
github.com/codinganovel/autocd-go/tempfile.go:56.49,58.18 2 0
github.com/codinganovel/autocd-go/tempfile.go:58.18,59.13 1 0
github.com/codinganovel/autocd-go/tempfile.go:62.4,62.43 1 0
github.com/codinganovel/autocd-go/tempfile.go:62.43,64.5 1 0
github.com/codinganovel/autocd-go/tempfile.go:68.2,68.12 1 1
github.com/codinganovel/autocd-go/tempfile.go:73.32,76.2 1 1
github.com/codinganovel/autocd-go/tempfile.go:79.59,81.2 1 1
github.com/codinganovel/autocd-go/tempfile.go:84.40,86.16 2 1
github.com/codinganovel/autocd-go/tempfile.go:86.16,88.3 1 1
github.com/codinganovel/autocd-go/tempfile.go:89.2,89.21 1 1
github.com/codinganovel/autocd-go/tempfile.go:93.46,94.28 1 1
github.com/codinganovel/autocd-go/tempfile.go:94.28,96.3 1 1
github.com/codinganovel/autocd-go/tempfile.go:99.2,100.19 2 1
github.com/codinganovel/autocd-go/tempfile.go:104.46,105.59 1 1
github.com/codinganovel/autocd-go/tempfile.go:105.59,107.3 1 1
github.com/codinganovel/autocd-go/tempfile.go:108.2,108.21 1 1
github.com/codinganovel/autocd-go/tempfile.go:112.50,113.31 1 1
github.com/codinganovel/autocd-go/tempfile.go:113.31,115.3 1 0
github.com/codinganovel/autocd-go/tempfile.go:117.2,117.42 1 1
github.com/codinganovel/autocd-go/types.go:76.38,78.2 1 0
github.com/codinganovel/autocd-go/types.go:81.44,82.16 1 1
github.com/codinganovel/autocd-go/types.go:83.49,84.14 1 1
github.com/codinganovel/autocd-go/types.go:85.52,86.15 1 1
github.com/codinganovel/autocd-go/types.go:87.10,88.14 1 0
github.com/codinganovel/autocd-go/validation.go:13.75,16.16 2 1
github.com/codinganovel/autocd-go/validation.go:16.16,18.3 1 0
github.com/codinganovel/autocd-go/validation.go:21.2,22.16 2 1
github.com/codinganovel/autocd-go/validation.go:22.16,24.3 1 1
github.com/codinganovel/autocd-go/validation.go:25.2,25.19 1 1
github.com/codinganovel/autocd-go/validation.go:25.19,27.3 1 1
github.com/codinganovel/autocd-go/validation.go:30.2,30.15 1 1
github.com/codinganovel/autocd-go/validation.go:31.22,32.33 1 1
github.com/codinganovel/autocd-go/validation.go:33.22,34.33 1 1
github.com/codinganovel/autocd-go/validation.go:35.26,36.37 1 1
github.com/codinganovel/autocd-go/validation.go:37.10,38.33 1 0
github.com/codinganovel/autocd-go/validation.go:42.50,44.34 1 1
github.com/codinganovel/autocd-go/validation.go:44.34,46.3 1 0
github.com/codinganovel/autocd-go/validation.go:49.2,49.31 1 1
github.com/codinganovel/autocd-go/validation.go:49.31,50.32 1 0
github.com/codinganovel/autocd-go/validation.go:50.32,52.4 1 0
github.com/codinganovel/autocd-go/validation.go:53.8,54.29 1 1
github.com/codinganovel/autocd-go/validation.go:54.29,56.4 1 0
github.com/codinganovel/autocd-go/validation.go:60.2,60.50 1 1
github.com/codinganovel/autocd-go/validation.go:60.50,62.3 1 0
github.com/codinganovel/autocd-go/validation.go:63.2,63.22 1 1
github.com/codinganovel/autocd-go/validation.go:63.22,65.3 1 0
github.com/codinganovel/autocd-go/validation.go:67.2,67.18 1 1
github.com/codinganovel/autocd-go/validation.go:70.50,73.79 2 1
github.com/codinganovel/autocd-go/validation.go:73.79,75.3 1 0
github.com/codinganovel/autocd-go/validation.go:78.2,79.33 2 1
github.com/codinganovel/autocd-go/validation.go:79.33,80.35 1 1
github.com/codinganovel/autocd-go/validation.go:80.35,82.4 1 0
github.com/codinganovel/autocd-go/validation.go:85.2,85.23 1 1
github.com/codinganovel/autocd-go/validation.go:88.54,91.2 1 1
github.com/codinganovel/autocd-go/validation.go:94.43,100.2 3 0
github.com/codinganovel/autocd-go/validation.go:103.40,109.2 3 1
